[ 2018-10-25T08:47:22+08:00 ] ::1 /tp3/Public//Public/Uploads/2018/10/07/5bb9a48e73143.jpg
INFO: [ app_init ] --START--
INFO: Run Behavior\BuildLiteBehavior [ RunTime:0.000026s ]
INFO: [ app_init ] --END-- [ RunTime:0.001037s ]
ERR: 无法加载模块:Public

[ 2018-10-25T08:47:22+08:00 ] ::1 /tp3/Public//Public/Uploads/2018/10/07/5bb9a4687b237.jpg
INFO: [ app_init ] --START--
INFO: Run Behavior\BuildLiteBehavior [ RunTime:0.000028s ]
INFO: [ app_init ] --END-- [ RunTime:0.000851s ]
ERR: 无法加载模块:Public

[ 2018-10-25T08:47:22+08:00 ] ::1 /tp3/Public//Public/Uploads/2018/10/07/5bb9aa3502a7a.jpg
INFO: [ app_init ] --START--
INFO: Run Behavior\BuildLiteBehavior [ RunTime:0.000025s ]
INFO: [ app_init ] --END-- [ RunTime:0.001524s ]
ERR: 无法加载模块:Public

[ 2018-10-25T08:47:22+08:00 ] ::1 /tp3/Public//Public/Uploads/2018/10/07/5bb9a39a1afc5.jpg
INFO: [ app_init ] --START--
INFO: Run Behavior\BuildLiteBehavior [ RunTime:0.000030s ]
INFO: [ app_init ] --END-- [ RunTime:0.001356s ]
ERR: 无法加载模块:Public

[ 2018-10-25T08:47:22+08:00 ] ::1 /tp3/Public/20181011/b806864c30aad88b1f2f38736c8af91e.jpg
INFO: [ app_init ] --START--
INFO: Run Behavior\BuildLiteBehavior [ RunTime:0.000019s ]
INFO: [ app_init ] --END-- [ RunTime:0.000743s ]
ERR: 无法加载模块:Public

[ 2018-10-25T08:48:09+08:00 ] ::1 /tp3/Public//Public/Uploads/2018/10/07/5bb9a4687b237.jpg
INFO: [ app_init ] --START--
INFO: Run Behavior\BuildLiteBehavior [ RunTime:0.000020s ]
INFO: [ app_init ] --END-- [ RunTime:0.000641s ]
ERR: 无法加载模块:Public

[ 2018-10-25T08:48:09+08:00 ] ::1 /tp3/Public//Public/Uploads/2018/10/07/5bb9a48e73143.jpg
INFO: [ app_init ] --START--
INFO: Run Behavior\BuildLiteBehavior [ RunTime:0.000029s ]
INFO: [ app_init ] --END-- [ RunTime:0.000708s ]
ERR: 无法加载模块:Public

[ 2018-10-25T08:48:09+08:00 ] ::1 /tp3/Public//Public/Uploads/2018/10/07/5bb9aa3502a7a.jpg
INFO: [ app_init ] --START--
INFO: Run Behavior\BuildLiteBehavior [ RunTime:0.000022s ]
INFO: [ app_init ] --END-- [ RunTime:0.000685s ]
ERR: 无法加载模块:Public

[ 2018-10-25T08:48:09+08:00 ] ::1 /tp3/Public//Public/Uploads/2018/10/07/5bb9a39a1afc5.jpg
INFO: [ app_init ] --START--
INFO: Run Behavior\BuildLiteBehavior [ RunTime:0.000126s ]
INFO: [ app_init ] --END-- [ RunTime:0.001194s ]
ERR: 无法加载模块:Public

[ 2018-10-25T08:48:09+08:00 ] ::1 /tp3/Public/20181011/b806864c30aad88b1f2f38736c8af91e.jpg
INFO: [ app_init ] --START--
INFO: Run Behavior\BuildLiteBehavior [ RunTime:0.000017s ]
INFO: [ app_init ] --END-- [ RunTime:0.000467s ]
ERR: 无法加载模块:Public

[ 2018-10-25T08:48:51+08:00 ] ::1 /tp3/Public//Public/Uploads/2018/10/07/5bb9a4687b237.jpg
INFO: [ app_init ] --START--
INFO: Run Behavior\BuildLiteBehavior [ RunTime:0.000019s ]
INFO: [ app_init ] --END-- [ RunTime:0.000697s ]
ERR: 无法加载模块:Public

[ 2018-10-25T08:48:51+08:00 ] ::1 /tp3/Public//Public/Uploads/2018/10/07/5bb9a48e73143.jpg
INFO: [ app_init ] --START--
INFO: Run Behavior\BuildLiteBehavior [ RunTime:0.000021s ]
INFO: [ app_init ] --END-- [ RunTime:0.000653s ]
ERR: 无法加载模块:Public

[ 2018-10-25T08:48:51+08:00 ] ::1 /tp3/Public//Public/Uploads/2018/10/07/5bb9aa3502a7a.jpg
INFO: [ app_init ] --START--
INFO: Run Behavior\BuildLiteBehavior [ RunTime:0.000020s ]
INFO: [ app_init ] --END-- [ RunTime:0.000630s ]
ERR: 无法加载模块:Public

[ 2018-10-25T08:48:51+08:00 ] ::1 /tp3/Public//Public/Uploads/2018/10/07/5bb9a39a1afc5.jpg
INFO: [ app_init ] --START--
INFO: Run Behavior\BuildLiteBehavior [ RunTime:0.000024s ]
INFO: [ app_init ] --END-- [ RunTime:0.002506s ]
ERR: 无法加载模块:Public

[ 2018-10-25T08:48:51+08:00 ] ::1 /tp3/Public/20181011/b806864c30aad88b1f2f38736c8af91e.jpg
INFO: [ app_init ] --START--
INFO: Run Behavior\BuildLiteBehavior [ RunTime:0.000023s ]
INFO: [ app_init ] --END-- [ RunTime:0.005174s ]
ERR: 无法加载模块:Public

[ 2018-10-25T08:49:29+08:00 ] ::1 /tp3/Public//Public/Uploads/2018/10/07/5bb9a39a1afc5.jpg
INFO: [ app_init ] --START--
INFO: Run Behavior\BuildLiteBehavior [ RunTime:0.000027s ]
INFO: [ app_init ] --END-- [ RunTime:0.000986s ]
ERR: 无法加载模块:Public

[ 2018-10-25T08:49:29+08:00 ] ::1 /tp3/Public//Public/Uploads/2018/10/07/5bb9a48e73143.jpg
INFO: [ app_init ] --START--
INFO: Run Behavior\BuildLiteBehavior [ RunTime:0.000022s ]
INFO: [ app_init ] --END-- [ RunTime:0.001576s ]
ERR: 无法加载模块:Public

[ 2018-10-25T08:49:29+08:00 ] ::1 /tp3/Public//Public/Uploads/2018/10/07/5bb9a4687b237.jpg
INFO: [ app_init ] --START--
INFO: Run Behavior\BuildLiteBehavior [ RunTime:0.000019s ]
INFO: [ app_init ] --END-- [ RunTime:0.001465s ]
ERR: 无法加载模块:Public

[ 2018-10-25T08:49:29+08:00 ] ::1 /tp3/Public//Public/Uploads/2018/10/07/5bb9aa3502a7a.jpg
INFO: [ app_init ] --START--
INFO: Run Behavior\BuildLiteBehavior [ RunTime:0.000019s ]
INFO: [ app_init ] --END-- [ RunTime:0.000659s ]
ERR: 无法加载模块:Public

[ 2018-10-25T08:49:29+08:00 ] ::1 /tp3/Public/20181011/b806864c30aad88b1f2f38736c8af91e.jpg
INFO: [ app_init ] --START--
INFO: Run Behavior\BuildLiteBehavior [ RunTime:0.000024s ]
INFO: [ app_init ] --END-- [ RunTime:0.000801s ]
ERR: 无法加载模块:Public

[ 2018-10-25T08:51:26+08:00 ] ::1 /tp3/Public/data/brandlogo/1240803062307572427.gif
INFO: [ app_init ] --START--
INFO: Run Behavior\BuildLiteBehavior [ RunTime:0.000012s ]
INFO: [ app_init ] --END-- [ RunTime:0.000594s ]
ERR: 无法加载模块:Public

[ 2018-10-25T08:51:32+08:00 ] ::1 /tp3/Public//Public/Uploads/2018/10/07/5bb9aa3502a7a.jpg
INFO: [ app_init ] --START--
INFO: Run Behavior\BuildLiteBehavior [ RunTime:0.000024s ]
INFO: [ app_init ] --END-- [ RunTime:0.000849s ]
ERR: 无法加载模块:Public

[ 2018-10-25T08:51:32+08:00 ] ::1 /tp3/Public//Public/Uploads/2018/10/07/5bb9a48e73143.jpg
INFO: [ app_init ] --START--
INFO: Run Behavior\BuildLiteBehavior [ RunTime:0.000029s ]
INFO: [ app_init ] --END-- [ RunTime:0.001218s ]
ERR: 无法加载模块:Public

[ 2018-10-25T08:51:32+08:00 ] ::1 /tp3/Public//Public/Uploads/2018/10/07/5bb9a4687b237.jpg
INFO: [ app_init ] --START--
INFO: Run Behavior\BuildLiteBehavior [ RunTime:0.000020s ]
INFO: [ app_init ] --END-- [ RunTime:0.001655s ]
ERR: 无法加载模块:Public

[ 2018-10-25T08:51:32+08:00 ] ::1 /tp3/Public/20181011/b806864c30aad88b1f2f38736c8af91e.jpg
INFO: [ app_init ] --START--
INFO: Run Behavior\BuildLiteBehavior [ RunTime:0.000029s ]
INFO: [ app_init ] --END-- [ RunTime:0.000965s ]
ERR: 无法加载模块:Public

[ 2018-10-25T08:51:32+08:00 ] ::1 /tp3/Public//Public/Uploads/2018/10/07/5bb9a39a1afc5.jpg
INFO: [ app_init ] --START--
INFO: Run Behavior\BuildLiteBehavior [ RunTime:0.000023s ]
INFO: [ app_init ] --END-- [ RunTime:0.000691s ]
ERR: 无法加载模块:Public

[ 2018-10-25T08:54:04+08:00 ] ::1 /tp3/Public//Public/Uploads/2018/10/07/5bb9a4687b237.jpg
INFO: [ app_init ] --START--
INFO: Run Behavior\BuildLiteBehavior [ RunTime:0.000022s ]
INFO: [ app_init ] --END-- [ RunTime:0.000671s ]
ERR: 无法加载模块:Public

[ 2018-10-25T08:54:04+08:00 ] ::1 /tp3/Public//Public/Uploads/2018/10/07/5bb9a39a1afc5.jpg
INFO: [ app_init ] --START--
INFO: Run Behavior\BuildLiteBehavior [ RunTime:0.000021s ]
INFO: [ app_init ] --END-- [ RunTime:0.001137s ]
ERR: 无法加载模块:Public

[ 2018-10-25T08:54:04+08:00 ] ::1 /tp3/Public//Public/Uploads/2018/10/07/5bb9a48e73143.jpg
INFO: [ app_init ] --START--
INFO: Run Behavior\BuildLiteBehavior [ RunTime:0.000039s ]
INFO: [ app_init ] --END-- [ RunTime:0.001292s ]
ERR: 无法加载模块:Public

[ 2018-10-25T08:54:04+08:00 ] ::1 /tp3/Public/20181011/b806864c30aad88b1f2f38736c8af91e.jpg
INFO: [ app_init ] --START--
INFO: Run Behavior\BuildLiteBehavior [ RunTime:0.000022s ]
INFO: [ app_init ] --END-- [ RunTime:0.000719s ]
ERR: 无法加载模块:Public

[ 2018-10-25T08:54:04+08:00 ] ::1 /tp3/Public//Public/Uploads/2018/10/07/5bb9aa3502a7a.jpg
INFO: [ app_init ] --START--
INFO: Run Behavior\BuildLiteBehavior [ RunTime:0.000022s ]
INFO: [ app_init ] --END-- [ RunTime:0.000770s ]
ERR: 无法加载模块:Public

[ 2018-10-25T08:55:52+08:00 ] ::1 /tp3/Public//Public/Uploads/2018/10/07/5bb9a4687b237.jpg
INFO: [ app_init ] --START--
INFO: Run Behavior\BuildLiteBehavior [ RunTime:0.000021s ]
INFO: [ app_init ] --END-- [ RunTime:0.000835s ]
ERR: 无法加载模块:Public

[ 2018-10-25T08:55:52+08:00 ] ::1 /tp3/Public/jquery.js
INFO: [ app_init ] --START--
INFO: Run Behavior\BuildLiteBehavior [ RunTime:0.000029s ]
INFO: [ app_init ] --END-- [ RunTime:0.001719s ]
ERR: 无法加载模块:Public

[ 2018-10-25T08:55:52+08:00 ] ::1 /tp3/Public//Public/Uploads/2018/10/07/5bb9a48e73143.jpg
INFO: [ app_init ] --START--
INFO: Run Behavior\BuildLiteBehavior [ RunTime:0.000019s ]
INFO: [ app_init ] --END-- [ RunTime:0.000673s ]
ERR: 无法加载模块:Public

[ 2018-10-25T08:55:52+08:00 ] ::1 /tp3/Public//Public/Uploads/2018/10/07/5bb9a39a1afc5.jpg
INFO: [ app_init ] --START--
INFO: Run Behavior\BuildLiteBehavior [ RunTime:0.000024s ]
INFO: [ app_init ] --END-- [ RunTime:0.001166s ]
ERR: 无法加载模块:Public

[ 2018-10-25T08:55:52+08:00 ] ::1 /tp3/Public//Public/Uploads/2018/10/07/5bb9aa3502a7a.jpg
INFO: [ app_init ] --START--
INFO: Run Behavior\BuildLiteBehavior [ RunTime:0.000023s ]
INFO: [ app_init ] --END-- [ RunTime:0.000897s ]
ERR: 无法加载模块:Public

[ 2018-10-25T08:55:52+08:00 ] ::1 /tp3/Public/20181011/b806864c30aad88b1f2f38736c8af91e.jpg
INFO: [ app_init ] --START--
INFO: Run Behavior\BuildLiteBehavior [ RunTime:0.000027s ]
INFO: [ app_init ] --END-- [ RunTime:0.001212s ]
ERR: 无法加载模块:Public

[ 2018-10-25T08:58:04+08:00 ] ::1 /tp3/Public/jquery.js
INFO: [ app_init ] --START--
INFO: Run Behavior\BuildLiteBehavior [ RunTime:0.000019s ]
INFO: [ app_init ] --END-- [ RunTime:0.000669s ]
ERR: 无法加载模块:Public

[ 2018-10-25T08:58:04+08:00 ] ::1 /tp3/Public//Public/Uploads/2018/10/07/5bb9aa3502a7a.jpg
INFO: [ app_init ] --START--
INFO: Run Behavior\BuildLiteBehavior [ RunTime:0.000024s ]
INFO: [ app_init ] --END-- [ RunTime:0.000697s ]
ERR: 无法加载模块:Public

[ 2018-10-25T08:58:04+08:00 ] ::1 /tp3/Public//Public/Uploads/2018/10/07/5bb9a39a1afc5.jpg
INFO: [ app_init ] --START--
INFO: Run Behavior\BuildLiteBehavior [ RunTime:0.000021s ]
INFO: [ app_init ] --END-- [ RunTime:0.000695s ]
ERR: 无法加载模块:Public

[ 2018-10-25T08:58:04+08:00 ] ::1 /tp3/Public//Public/Uploads/2018/10/07/5bb9a48e73143.jpg
INFO: [ app_init ] --START--
INFO: Run Behavior\BuildLiteBehavior [ RunTime:0.000028s ]
INFO: [ app_init ] --END-- [ RunTime:0.000957s ]
ERR: 无法加载模块:Public

[ 2018-10-25T08:58:04+08:00 ] ::1 /tp3/Public//Public/Uploads/2018/10/07/5bb9a4687b237.jpg
INFO: [ app_init ] --START--
INFO: Run Behavior\BuildLiteBehavior [ RunTime:0.000021s ]
INFO: [ app_init ] --END-- [ RunTime:0.000677s ]
ERR: 无法加载模块:Public

[ 2018-10-25T08:58:04+08:00 ] ::1 /tp3/Public/20181011/b806864c30aad88b1f2f38736c8af91e.jpg
INFO: [ app_init ] --START--
INFO: Run Behavior\BuildLiteBehavior [ RunTime:0.000020s ]
INFO: [ app_init ] --END-- [ RunTime:0.000709s ]
ERR: 无法加载模块:Public

[ 2018-10-25T09:00:43+08:00 ] ::1 /tp3/Public//Public/Uploads/2018/10/07/5bb9a4687b237.jpg
INFO: [ app_init ] --START--
INFO: Run Behavior\BuildLiteBehavior [ RunTime:0.000023s ]
INFO: [ app_init ] --END-- [ RunTime:0.000958s ]
ERR: 无法加载模块:Public

[ 2018-10-25T09:00:43+08:00 ] ::1 /tp3/Public//Public/Uploads/2018/10/07/5bb9a48e73143.jpg
INFO: [ app_init ] --START--
INFO: Run Behavior\BuildLiteBehavior [ RunTime:0.000026s ]
INFO: [ app_init ] --END-- [ RunTime:0.000799s ]
ERR: 无法加载模块:Public

[ 2018-10-25T09:00:43+08:00 ] ::1 /tp3/Public/jquery.js
INFO: [ app_init ] --START--
INFO: Run Behavior\BuildLiteBehavior [ RunTime:0.000016s ]
INFO: [ app_init ] --END-- [ RunTime:0.000660s ]
ERR: 无法加载模块:Public

[ 2018-10-25T09:00:43+08:00 ] ::1 /tp3/Public//Public/Uploads/2018/10/07/5bb9a39a1afc5.jpg
INFO: [ app_init ] --START--
INFO: Run Behavior\BuildLiteBehavior [ RunTime:0.000025s ]
INFO: [ app_init ] --END-- [ RunTime:0.003577s ]
ERR: 无法加载模块:Public

[ 2018-10-25T09:00:43+08:00 ] ::1 /tp3/Public//Public/Uploads/2018/10/07/5bb9aa3502a7a.jpg
INFO: [ app_init ] --START--
INFO: Run Behavior\BuildLiteBehavior [ RunTime:0.000028s ]
INFO: [ app_init ] --END-- [ RunTime:0.001292s ]
ERR: 无法加载模块:Public

[ 2018-10-25T09:00:43+08:00 ] ::1 /tp3/Public/jquery.js
INFO: [ app_init ] --START--
INFO: Run Behavior\BuildLiteBehavior [ RunTime:0.000040s ]
INFO: [ app_init ] --END-- [ RunTime:0.000832s ]
ERR: 无法加载模块:Public

[ 2018-10-25T09:00:43+08:00 ] ::1 /tp3/Public/20181011/b806864c30aad88b1f2f38736c8af91e.jpg
INFO: [ app_init ] --START--
INFO: Run Behavior\BuildLiteBehavior [ RunTime:0.000029s ]
INFO: [ app_init ] --END-- [ RunTime:0.000929s ]
ERR: 无法加载模块:Public

[ 2018-10-25T09:01:45+08:00 ] ::1 /tp3/Public/jquery.js
INFO: [ app_init ] --START--
INFO: Run Behavior\BuildLiteBehavior [ RunTime:0.000028s ]
INFO: [ app_init ] --END-- [ RunTime:0.000997s ]
ERR: 无法加载模块:Public

[ 2018-10-25T13:43:40+08:00 ] ::1 /tp3/Public/Admin/js/calendar.php?lang=
INFO: [ app_init ] --START--
INFO: Run Behavior\BuildLiteBehavior [ RunTime:0.000013s ]
INFO: [ app_init ] --END-- [ RunTime:0.000469s ]
ERR: 无法加载模块:Public

[ 2018-10-25T14:04:15+08:00 ] ::1 /tp3/Public/Admin/js/calendar.php?lang=
INFO: [ app_init ] --START--
INFO: Run Behavior\BuildLiteBehavior [ RunTime:0.000013s ]
INFO: [ app_init ] --END-- [ RunTime:0.000449s ]
ERR: 无法加载模块:Public

[ 2018-10-25T14:04:45+08:00 ] ::1 /tp3/Public/Admin/js/calendar.php?lang=
INFO: [ app_init ] --START--
INFO: Run Behavior\BuildLiteBehavior [ RunTime:0.000016s ]
INFO: [ app_init ] --END-- [ RunTime:0.000613s ]
ERR: 无法加载模块:Public

[ 2018-10-25T14:10:32+08:00 ] ::1 /tp3/Public/Admin/js/calendar.php?lang=
INFO: [ app_init ] --START--
INFO: Run Behavior\BuildLiteBehavior [ RunTime:0.000013s ]
INFO: [ app_init ] --END-- [ RunTime:0.000512s ]
ERR: 无法加载模块:Public

[ 2018-10-25T14:10:32+08:00 ] ::1 /tp3/Public/Admin/js/calendar.php?lang=
INFO: [ app_init ] --START--
INFO: Run Behavior\BuildLiteBehavior [ RunTime:0.000013s ]
INFO: [ app_init ] --END-- [ RunTime:0.000548s ]
ERR: 无法加载模块:Public

[ 2018-10-25T14:10:32+08:00 ] ::1 /tp3/Public/Admin/js/calendar.php?lang=
INFO: [ app_init ] --START--
INFO: Run Behavior\BuildLiteBehavior [ RunTime:0.000014s ]
INFO: [ app_init ] --END-- [ RunTime:0.000594s ]
ERR: 无法加载模块:Public

[ 2018-10-25T14:10:33+08:00 ] ::1 /tp3/Public/Admin/js/calendar.php?lang=
INFO: [ app_init ] --START--
INFO: Run Behavior\BuildLiteBehavior [ RunTime:0.000029s ]
INFO: [ app_init ] --END-- [ RunTime:0.001097s ]
ERR: 无法加载模块:Public

[ 2018-10-25T14:10:33+08:00 ] ::1 /tp3/Public/Admin/js/calendar.php?lang=
INFO: [ app_init ] --START--
INFO: Run Behavior\BuildLiteBehavior [ RunTime:0.000013s ]
INFO: [ app_init ] --END-- [ RunTime:0.000539s ]
ERR: 无法加载模块:Public

[ 2018-10-25T14:10:34+08:00 ] ::1 /tp3/Public/Admin/js/calendar.php?lang=
INFO: [ app_init ] --START--
INFO: Run Behavior\BuildLiteBehavior [ RunTime:0.000014s ]
INFO: [ app_init ] --END-- [ RunTime:0.000561s ]
ERR: 无法加载模块:Public

[ 2018-10-25T14:10:34+08:00 ] ::1 /tp3/Public/Admin/js/calendar.php?lang=
INFO: [ app_init ] --START--
INFO: Run Behavior\BuildLiteBehavior [ RunTime:0.000013s ]
INFO: [ app_init ] --END-- [ RunTime:0.000590s ]
ERR: 无法加载模块:Public

[ 2018-10-25T14:10:34+08:00 ] ::1 /tp3/Public/Admin/js/calendar.php?lang=
INFO: [ app_init ] --START--
INFO: Run Behavior\BuildLiteBehavior [ RunTime:0.000013s ]
INFO: [ app_init ] --END-- [ RunTime:0.000512s ]
ERR: 无法加载模块:Public

[ 2018-10-25T14:10:35+08:00 ] ::1 /tp3/Public/Admin/js/calendar.php?lang=
INFO: [ app_init ] --START--
INFO: Run Behavior\BuildLiteBehavior [ RunTime:0.000012s ]
INFO: [ app_init ] --END-- [ RunTime:0.000528s ]
ERR: 无法加载模块:Public

[ 2018-10-25T14:10:35+08:00 ] ::1 /tp3/Public/Admin/js/calendar.php?lang=
INFO: [ app_init ] --START--
INFO: Run Behavior\BuildLiteBehavior [ RunTime:0.000013s ]
INFO: [ app_init ] --END-- [ RunTime:0.000522s ]
ERR: 无法加载模块:Public

[ 2018-10-25T14:10:35+08:00 ] ::1 /tp3/Public/Admin/js/calendar.php?lang=
INFO: [ app_init ] --START--
INFO: Run Behavior\BuildLiteBehavior [ RunTime:0.000013s ]
INFO: [ app_init ] --END-- [ RunTime:0.000573s ]
ERR: 无法加载模块:Public

[ 2018-10-25T14:10:35+08:00 ] ::1 /tp3/Public/Admin/js/calendar.php?lang=
INFO: [ app_init ] --START--
INFO: Run Behavior\BuildLiteBehavior [ RunTime:0.000019s ]
INFO: [ app_init ] --END-- [ RunTime:0.000570s ]
ERR: 无法加载模块:Public

[ 2018-10-25T14:10:35+08:00 ] ::1 /tp3/Public/Admin/js/calendar.php?lang=
INFO: [ app_init ] --START--
INFO: Run Behavior\BuildLiteBehavior [ RunTime:0.000013s ]
INFO: [ app_init ] --END-- [ RunTime:0.000487s ]
ERR: 无法加载模块:Public

[ 2018-10-25T14:10:36+08:00 ] ::1 /tp3/Public/Admin/js/calendar.php?lang=
INFO: [ app_init ] --START--
INFO: Run Behavior\BuildLiteBehavior [ RunTime:0.000014s ]
INFO: [ app_init ] --END-- [ RunTime:0.000572s ]
ERR: 无法加载模块:Public

[ 2018-10-25T14:10:36+08:00 ] ::1 /tp3/Public/Admin/js/calendar.php?lang=
INFO: [ app_init ] --START--
INFO: Run Behavior\BuildLiteBehavior [ RunTime:0.000013s ]
INFO: [ app_init ] --END-- [ RunTime:0.000581s ]
ERR: 无法加载模块:Public

[ 2018-10-25T14:10:36+08:00 ] ::1 /tp3/Public/Admin/js/calendar.php?lang=
INFO: [ app_init ] --START--
INFO: Run Behavior\BuildLiteBehavior [ RunTime:0.000013s ]
INFO: [ app_init ] --END-- [ RunTime:0.000523s ]
ERR: 无法加载模块:Public

[ 2018-10-25T14:10:36+08:00 ] ::1 /tp3/Public/Admin/js/calendar.php?lang=
INFO: [ app_init ] --START--
INFO: Run Behavior\BuildLiteBehavior [ RunTime:0.000012s ]
INFO: [ app_init ] --END-- [ RunTime:0.000562s ]
ERR: 无法加载模块:Public

[ 2018-10-25T14:10:37+08:00 ] ::1 /tp3/Public/Admin/js/calendar.php?lang=
INFO: [ app_init ] --START--
INFO: Run Behavior\BuildLiteBehavior [ RunTime:0.000013s ]
INFO: [ app_init ] --END-- [ RunTime:0.000567s ]
ERR: 无法加载模块:Public

[ 2018-10-25T14:10:37+08:00 ] ::1 /tp3/Public/Admin/js/calendar.php?lang=
INFO: [ app_init ] --START--
INFO: Run Behavior\BuildLiteBehavior [ RunTime:0.000012s ]
INFO: [ app_init ] --END-- [ RunTime:0.000527s ]
ERR: 无法加载模块:Public

[ 2018-10-25T14:10:37+08:00 ] ::1 /tp3/Public/Admin/js/calendar.php?lang=
INFO: [ app_init ] --START--
INFO: Run Behavior\BuildLiteBehavior [ RunTime:0.000013s ]
INFO: [ app_init ] --END-- [ RunTime:0.000528s ]
ERR: 无法加载模块:Public

[ 2018-10-25T14:10:37+08:00 ] ::1 /tp3/Public/Admin/js/calendar.php?lang=
INFO: [ app_init ] --START--
INFO: Run Behavior\BuildLiteBehavior [ RunTime:0.000014s ]
INFO: [ app_init ] --END-- [ RunTime:0.000542s ]
ERR: 无法加载模块:Public

[ 2018-10-25T14:10:38+08:00 ] ::1 /tp3/Public/Admin/js/calendar.php?lang=
INFO: [ app_init ] --START--
INFO: Run Behavior\BuildLiteBehavior [ RunTime:0.000032s ]
INFO: [ app_init ] --END-- [ RunTime:0.000534s ]
ERR: 无法加载模块:Public

[ 2018-10-25T14:10:38+08:00 ] ::1 /tp3/Public/Admin/js/calendar.php?lang=
INFO: [ app_init ] --START--
INFO: Run Behavior\BuildLiteBehavior [ RunTime:0.000012s ]
INFO: [ app_init ] --END-- [ RunTime:0.000547s ]
ERR: 无法加载模块:Public

[ 2018-10-25T14:10:38+08:00 ] ::1 /tp3/Public/Admin/js/calendar.php?lang=
INFO: [ app_init ] --START--
INFO: Run Behavior\BuildLiteBehavior [ RunTime:0.000014s ]
INFO: [ app_init ] --END-- [ RunTime:0.000538s ]
ERR: 无法加载模块:Public

[ 2018-10-25T14:10:38+08:00 ] ::1 /tp3/Public/Admin/js/calendar.php?lang=
INFO: [ app_init ] --START--
INFO: Run Behavior\BuildLiteBehavior [ RunTime:0.000016s ]
INFO: [ app_init ] --END-- [ RunTime:0.000501s ]
ERR: 无法加载模块:Public

[ 2018-10-25T14:10:38+08:00 ] ::1 /tp3/Public/Admin/js/calendar.php?lang=
INFO: [ app_init ] --START--
INFO: Run Behavior\BuildLiteBehavior [ RunTime:0.000014s ]
INFO: [ app_init ] --END-- [ RunTime:0.000451s ]
ERR: 无法加载模块:Public

[ 2018-10-25T14:10:39+08:00 ] ::1 /tp3/Public/Admin/js/calendar.php?lang=
INFO: [ app_init ] --START--
INFO: Run Behavior\BuildLiteBehavior [ RunTime:0.000012s ]
INFO: [ app_init ] --END-- [ RunTime:0.000458s ]
ERR: 无法加载模块:Public

[ 2018-10-25T14:27:25+08:00 ] ::1 /tp3/Public/Admin/js/calendar.php?lang=
INFO: [ app_init ] --START--
INFO: Run Behavior\BuildLiteBehavior [ RunTime:0.000014s ]
INFO: [ app_init ] --END-- [ RunTime:0.000505s ]
ERR: 无法加载模块:Public

[ 2018-10-25T16:24:37+08:00 ] ::1 /tp3/Public/Admin/js/calendar.php?lang=
INFO: [ app_init ] --START--
INFO: Run Behavior\BuildLiteBehavior [ RunTime:0.000013s ]
INFO: [ app_init ] --END-- [ RunTime:0.000593s ]
ERR: 无法加载模块:Public

[ 2018-10-25T16:24:39+08:00 ] ::1 /tp3/Public/Admin/comment_manage.php?act=list
INFO: [ app_init ] --START--
INFO: Run Behavior\BuildLiteBehavior [ RunTime:0.000011s ]
INFO: [ app_init ] --END-- [ RunTime:0.000512s ]
ERR: 无法加载模块:Public

[ 2018-10-25T16:24:51+08:00 ] ::1 /tp3/Public/Admin/js/calendar.php?lang=
INFO: [ app_init ] --START--
INFO: Run Behavior\BuildLiteBehavior [ RunTime:0.000032s ]
INFO: [ app_init ] --END-- [ RunTime:0.000716s ]
ERR: 无法加载模块:Public

[ 2018-10-25T16:24:54+08:00 ] ::1 /tp3/Public/Admin/comment_manage.php?act=list
INFO: [ app_init ] --START--
INFO: Run Behavior\BuildLiteBehavior [ RunTime:0.000012s ]
INFO: [ app_init ] --END-- [ RunTime:0.000563s ]
ERR: 无法加载模块:Public

[ 2018-10-25T16:24:57+08:00 ] ::1 /tp3/Public/Admin/js/calendar.php?lang=
INFO: [ app_init ] --START--
INFO: Run Behavior\BuildLiteBehavior [ RunTime:0.000013s ]
INFO: [ app_init ] --END-- [ RunTime:0.000493s ]
ERR: 无法加载模块:Public

[ 2018-10-25T16:27:46+08:00 ] ::1 /tp3/Public/Admin/js/calendar.php?lang=
INFO: [ app_init ] --START--
INFO: Run Behavior\BuildLiteBehavior [ RunTime:0.000024s ]
INFO: [ app_init ] --END-- [ RunTime:0.000565s ]
ERR: 无法加载模块:Public

[ 2018-10-25T16:40:27+08:00 ] ::1 /tp3/Public/Admin/js/calendar.php?lang=
INFO: [ app_init ] --START--
INFO: Run Behavior\BuildLiteBehavior [ RunTime:0.000015s ]
INFO: [ app_init ] --END-- [ RunTime:0.000466s ]
ERR: 无法加载模块:Public

