[ 2018-10-20T11:01:18+08:00 ] ::1 /shiyi/Public/index/index/images/button_bg.gif
INFO: [ app_init ] --START--
INFO: Run Behavior\BuildLiteBehavior [ RunTime:0.000014s ]
INFO: [ app_init ] --END-- [ RunTime:0.000476s ]
ERR: 无法加载模块:Public

[ 2018-10-20T11:01:19+08:00 ] ::1 /shiyi/Public/index/index/images/icon_add.gif
INFO: [ app_init ] --START--
INFO: Run Behavior\BuildLiteBehavior [ RunTime:0.000013s ]
INFO: [ app_init ] --END-- [ RunTime:0.000555s ]
ERR: 无法加载模块:Public

[ 2018-10-20T11:01:19+08:00 ] ::1 /shiyi/Public//Public/Uploads/2018/10/07/5bb9a4687b237.jpg
INFO: [ app_init ] --START--
INFO: Run Behavior\BuildLiteBehavior [ RunTime:0.000025s ]
INFO: [ app_init ] --END-- [ RunTime:0.000626s ]
ERR: 无法加载模块:Public

[ 2018-10-20T11:01:19+08:00 ] ::1 /shiyi/Public/index/index/images/th_bg.gif
INFO: [ app_init ] --START--
INFO: Run Behavior\BuildLiteBehavior [ RunTime:0.000022s ]
INFO: [ app_init ] --END-- [ RunTime:0.000757s ]
ERR: 无法加载模块:Public

[ 2018-10-20T11:01:19+08:00 ] ::1 /shiyi/Public//Public/Uploads/2018/10/07/5bb9a39a1afc5.jpg
INFO: [ app_init ] --START--
INFO: Run Behavior\BuildLiteBehavior [ RunTime:0.000015s ]
INFO: [ app_init ] --END-- [ RunTime:0.000738s ]
ERR: 无法加载模块:Public

[ 2018-10-20T11:01:21+08:00 ] ::1 /shiyi/Public//Public/Uploads/2018/10/07/5bb9aa3502a7a.jpg
INFO: [ app_init ] --START--
INFO: Run Behavior\BuildLiteBehavior [ RunTime:0.000015s ]
INFO: [ app_init ] --END-- [ RunTime:0.000480s ]
ERR: 无法加载模块:Public

[ 2018-10-20T11:01:21+08:00 ] ::1 /shiyi/Public//Public/Uploads/2018/10/07/5bb9a48e73143.jpg
INFO: [ app_init ] --START--
INFO: Run Behavior\BuildLiteBehavior [ RunTime:0.000014s ]
INFO: [ app_init ] --END-- [ RunTime:0.000500s ]
ERR: 无法加载模块:Public

[ 2018-10-20T11:01:22+08:00 ] ::1 /shiyi/Public/20181011/b806864c30aad88b1f2f38736c8af91e.jpg
INFO: [ app_init ] --START--
INFO: Run Behavior\BuildLiteBehavior [ RunTime:0.000016s ]
INFO: [ app_init ] --END-- [ RunTime:0.001403s ]
ERR: 无法加载模块:Public

[ 2018-10-20T11:01:22+08:00 ] ::1 /shiyi/Public/20181011/b806864c30aad88b1f2f38736c8af91e.jpg
INFO: [ app_init ] --START--
INFO: Run Behavior\BuildLiteBehavior [ RunTime:0.000013s ]
INFO: [ app_init ] --END-- [ RunTime:0.000550s ]
ERR: 无法加载模块:Public

[ 2018-10-20T11:01:24+08:00 ] ::1 /shiyi/Public/data/brandlogo/1240803062307572427.gif
INFO: [ app_init ] --START--
INFO: Run Behavior\BuildLiteBehavior [ RunTime:0.000015s ]
INFO: [ app_init ] --END-- [ RunTime:0.000592s ]
ERR: 无法加载模块:Public

[ 2018-10-20T11:01:46+08:00 ] ::1 /shiyi/Public/20181011/b806864c30aad88b1f2f38736c8af91e.jpg
INFO: [ app_init ] --START--
INFO: Run Behavior\BuildLiteBehavior [ RunTime:0.000013s ]
INFO: [ app_init ] --END-- [ RunTime:0.000544s ]
ERR: 无法加载模块:Public

[ 2018-10-20T11:01:49+08:00 ] ::1 /shiyi/Public/20181011/b806864c30aad88b1f2f38736c8af91e.jpg
INFO: [ app_init ] --START--
INFO: Run Behavior\BuildLiteBehavior [ RunTime:0.000013s ]
INFO: [ app_init ] --END-- [ RunTime:0.000551s ]
ERR: 无法加载模块:Public

[ 2018-10-20T11:01:50+08:00 ] ::1 /shiyi/Public//Public/Uploads/2018/10/07/5bb9a48e73143.jpg
INFO: [ app_init ] --START--
INFO: Run Behavior\BuildLiteBehavior [ RunTime:0.000014s ]
INFO: [ app_init ] --END-- [ RunTime:0.000529s ]
ERR: 无法加载模块:Public

[ 2018-10-20T11:01:50+08:00 ] ::1 /shiyi/Public//Public/Uploads/2018/10/07/5bb9aa3502a7a.jpg
INFO: [ app_init ] --START--
INFO: Run Behavior\BuildLiteBehavior [ RunTime:0.000013s ]
INFO: [ app_init ] --END-- [ RunTime:0.000492s ]
ERR: 无法加载模块:Public

[ 2018-10-20T11:01:50+08:00 ] ::1 /shiyi/Public//Public/Uploads/2018/10/07/5bb9a39a1afc5.jpg
INFO: [ app_init ] --START--
INFO: Run Behavior\BuildLiteBehavior [ RunTime:0.000014s ]
INFO: [ app_init ] --END-- [ RunTime:0.000541s ]
ERR: 无法加载模块:Public

[ 2018-10-20T11:01:53+08:00 ] ::1 /shiyi/Public//Public/Uploads/2018/10/07/5bb9a4687b237.jpg
INFO: [ app_init ] --START--
INFO: Run Behavior\BuildLiteBehavior [ RunTime:0.000021s ]
INFO: [ app_init ] --END-- [ RunTime:0.000595s ]
ERR: 无法加载模块:Public

[ 2018-10-20T11:01:53+08:00 ] ::1 /shiyi/Public//Public/Uploads/2018/10/07/5bb9a48e73143.jpg
INFO: [ app_init ] --START--
INFO: Run Behavior\BuildLiteBehavior [ RunTime:0.000016s ]
INFO: [ app_init ] --END-- [ RunTime:0.000555s ]
ERR: 无法加载模块:Public

[ 2018-10-20T11:02:25+08:00 ] ::1 /shiyi/Public//Public/Uploads/2018/10/07/5bb9a4687b237.jpg
INFO: [ app_init ] --START--
INFO: Run Behavior\BuildLiteBehavior [ RunTime:0.000022s ]
INFO: [ app_init ] --END-- [ RunTime:0.000604s ]
ERR: 无法加载模块:Public

[ 2018-10-20T11:02:25+08:00 ] ::1 /shiyi/Public//Public/Uploads/2018/10/07/5bb9a48e73143.jpg
INFO: [ app_init ] --START--
INFO: Run Behavior\BuildLiteBehavior [ RunTime:0.000026s ]
INFO: [ app_init ] --END-- [ RunTime:0.000817s ]
ERR: 无法加载模块:Public

[ 2018-10-20T11:02:25+08:00 ] ::1 /shiyi/Public/20181011/b806864c30aad88b1f2f38736c8af91e.jpg
INFO: [ app_init ] --START--
INFO: Run Behavior\BuildLiteBehavior [ RunTime:0.000023s ]
INFO: [ app_init ] --END-- [ RunTime:0.000754s ]
ERR: 无法加载模块:Public

[ 2018-10-20T11:02:25+08:00 ] ::1 /shiyi/Public//Public/Uploads/2018/10/07/5bb9aa3502a7a.jpg
INFO: [ app_init ] --START--
INFO: Run Behavior\BuildLiteBehavior [ RunTime:0.000021s ]
INFO: [ app_init ] --END-- [ RunTime:0.000773s ]
ERR: 无法加载模块:Public

[ 2018-10-20T11:02:27+08:00 ] ::1 /shiyi/Public/20181011/b806864c30aad88b1f2f38736c8af91e.jpg
INFO: [ app_init ] --START--
INFO: Run Behavior\BuildLiteBehavior [ RunTime:0.000021s ]
INFO: [ app_init ] --END-- [ RunTime:0.000602s ]
ERR: 无法加载模块:Public

[ 2018-10-20T11:02:29+08:00 ] ::1 /shiyi/Public/20181011/b806864c30aad88b1f2f38736c8af91e.jpg
INFO: [ app_init ] --START--
INFO: Run Behavior\BuildLiteBehavior [ RunTime:0.000020s ]
INFO: [ app_init ] --END-- [ RunTime:0.000714s ]
ERR: 无法加载模块:Public

[ 2018-10-20T11:02:29+08:00 ] ::1 /shiyi/Public//Public/Uploads/2018/10/07/5bb9a4687b237.jpg
INFO: [ app_init ] --START--
INFO: Run Behavior\BuildLiteBehavior [ RunTime:0.000021s ]
INFO: [ app_init ] --END-- [ RunTime:0.000736s ]
ERR: 无法加载模块:Public

[ 2018-10-20T11:02:29+08:00 ] ::1 /shiyi/Public//Public/Uploads/2018/10/07/5bb9a48e73143.jpg
INFO: [ app_init ] --START--
INFO: Run Behavior\BuildLiteBehavior [ RunTime:0.000024s ]
INFO: [ app_init ] --END-- [ RunTime:0.000906s ]
ERR: 无法加载模块:Public

[ 2018-10-20T11:02:29+08:00 ] ::1 /shiyi/Public//Public/Uploads/2018/10/07/5bb9aa3502a7a.jpg
INFO: [ app_init ] --START--
INFO: Run Behavior\BuildLiteBehavior [ RunTime:0.000014s ]
INFO: [ app_init ] --END-- [ RunTime:0.000474s ]
ERR: 无法加载模块:Public

