[ 2018-10-26T08:41:13+08:00 ] ::1 /yuekao/js/calendar.php?lang=
INFO: [ app_init ] --START--
INFO: Run Behavior\BuildLiteBehavior [ RunTime:0.000029s ]
INFO: [ app_init ] --END-- [ RunTime:0.000747s ]
ERR: 无法加载模块:Js

[ 2018-10-26T08:41:13+08:00 ] ::1 /yuekao/js/utils.js
INFO: [ app_init ] --START--
INFO: Run Behavior\BuildLiteBehavior [ RunTime:0.000021s ]
INFO: [ app_init ] --END-- [ RunTime:0.001816s ]
ERR: 无法加载模块:Js

[ 2018-10-26T08:41:13+08:00 ] ::1 /yuekao/js/selectzone.js
INFO: [ app_init ] --START--
INFO: Run Behavior\BuildLiteBehavior [ RunTime:0.000020s ]
INFO: [ app_init ] --END-- [ RunTime:0.000949s ]
ERR: 无法加载模块:Js

[ 2018-10-26T08:41:13+08:00 ] ::1 /yuekao/js/colorselector.js
INFO: [ app_init ] --START--
INFO: Run Behavior\BuildLiteBehavior [ RunTime:0.000023s ]
INFO: [ app_init ] --END-- [ RunTime:0.000701s ]
ERR: 无法加载模块:Js

[ 2018-10-26T08:41:13+08:00 ] ::1 /yuekao/styles/general.css
INFO: [ app_init ] --START--
INFO: Run Behavior\BuildLiteBehavior [ RunTime:0.000020s ]
INFO: [ app_init ] --END-- [ RunTime:0.000563s ]
ERR: 无法加载模块:Styles

[ 2018-10-26T08:41:13+08:00 ] ::1 /yuekao/styles/main.css
INFO: [ app_init ] --START--
INFO: Run Behavior\BuildLiteBehavior [ RunTime:0.000021s ]
INFO: [ app_init ] --END-- [ RunTime:0.000687s ]
ERR: 无法加载模块:Styles

[ 2018-10-26T08:41:13+08:00 ] ::1 /yuekao/js/selectzone.js
INFO: [ app_init ] --START--
INFO: Run Behavior\BuildLiteBehavior [ RunTime:0.000014s ]
INFO: [ app_init ] --END-- [ RunTime:0.000434s ]
ERR: 无法加载模块:Js

[ 2018-10-26T08:41:13+08:00 ] ::1 /yuekao/js/colorselector.js
INFO: [ app_init ] --START--
INFO: Run Behavior\BuildLiteBehavior [ RunTime:0.000017s ]
INFO: [ app_init ] --END-- [ RunTime:0.000615s ]
ERR: 无法加载模块:Js

[ 2018-10-26T08:41:13+08:00 ] ::1 /yuekao/js/calendar.php?lang=
INFO: [ app_init ] --START--
INFO: Run Behavior\BuildLiteBehavior [ RunTime:0.000022s ]
INFO: [ app_init ] --END-- [ RunTime:0.000624s ]
ERR: 无法加载模块:Js

[ 2018-10-26T08:44:26+08:00 ] ::1 /yuekao/styles/general.css
INFO: [ app_init ] --START--
INFO: Run Behavior\BuildLiteBehavior [ RunTime:0.000022s ]
INFO: [ app_init ] --END-- [ RunTime:0.000722s ]
ERR: 无法加载模块:Styles

[ 2018-10-26T08:44:26+08:00 ] ::1 /yuekao/styles/main.css
INFO: [ app_init ] --START--
INFO: Run Behavior\BuildLiteBehavior [ RunTime:0.000023s ]
INFO: [ app_init ] --END-- [ RunTime:0.000795s ]
ERR: 无法加载模块:Styles

[ 2018-10-26T08:44:26+08:00 ] ::1 /yuekao/images/notice.gif
INFO: [ app_init ] --START--
INFO: Run Behavior\BuildLiteBehavior [ RunTime:0.000014s ]
INFO: [ app_init ] --END-- [ RunTime:0.000474s ]
ERR: 无法加载模块:Images

[ 2018-10-26T09:19:41+08:00 ] ::1 /yuekao/Public2018-10-24/5bcfc127d70c9.jpg
INFO: [ app_init ] --START--
INFO: Run Behavior\BuildLiteBehavior [ RunTime:0.000047s ]
INFO: [ app_init ] --END-- [ RunTime:0.000886s ]
ERR: 无法加载模块:Public2018-10-24

[ 2018-10-26T09:20:14+08:00 ] ::1 /yuekao/Public2018-10-24/5bcfc127d70c9.jpg
INFO: [ app_init ] --START--
INFO: Run Behavior\BuildLiteBehavior [ RunTime:0.000024s ]
INFO: [ app_init ] --END-- [ RunTime:0.000689s ]
ERR: 无法加载模块:Public2018-10-24

[ 2018-10-26T09:20:35+08:00 ] ::1 /yuekao/Public2018-10-24/5bcfc127d70c9.jpg
INFO: [ app_init ] --START--
INFO: Run Behavior\BuildLiteBehavior [ RunTime:0.000026s ]
INFO: [ app_init ] --END-- [ RunTime:0.000906s ]
ERR: 无法加载模块:Public2018-10-24

[ 2018-10-26T09:21:11+08:00 ] ::1 /yuekao/Public2018-10-24/5bcfc127d70c9.jpg
INFO: [ app_init ] --START--
INFO: Run Behavior\BuildLiteBehavior [ RunTime:0.000021s ]
INFO: [ app_init ] --END-- [ RunTime:0.000953s ]
ERR: 无法加载模块:Public2018-10-24

[ 2018-10-26T09:21:23+08:00 ] ::1 /yuekao/Public2018-10-24/5bcfc127d70c9.jpg
INFO: [ app_init ] --START--
INFO: Run Behavior\BuildLiteBehavior [ RunTime:0.000092s ]
INFO: [ app_init ] --END-- [ RunTime:0.001132s ]
ERR: 无法加载模块:Public2018-10-24

[ 2018-10-26T09:21:54+08:00 ] ::1 /yuekao/Public2018-10-24/5bcfc127d70c9.jpg
INFO: [ app_init ] --START--
INFO: Run Behavior\BuildLiteBehavior [ RunTime:0.000022s ]
INFO: [ app_init ] --END-- [ RunTime:0.000763s ]
ERR: 无法加载模块:Public2018-10-24

[ 2018-10-26T09:22:14+08:00 ] ::1 /yuekao/Public2018-10-24/5bcfc127d70c9.jpg
INFO: [ app_init ] --START--
INFO: Run Behavior\BuildLiteBehavior [ RunTime:0.000014s ]
INFO: [ app_init ] --END-- [ RunTime:0.000466s ]
ERR: 无法加载模块:Public2018-10-24

[ 2018-10-26T09:24:38+08:00 ] ::1 /yuekao/Public2018-10-24/5bcfc127d70c9.jpg
INFO: [ app_init ] --START--
INFO: Run Behavior\BuildLiteBehavior [ RunTime:0.000023s ]
INFO: [ app_init ] --END-- [ RunTime:0.001145s ]
ERR: 无法加载模块:Public2018-10-24

[ 2018-10-26T09:24:42+08:00 ] ::1 /yuekao/Public2018-10-24/5bcfc127d70c9.jpg
INFO: [ app_init ] --START--
INFO: Run Behavior\BuildLiteBehavior [ RunTime:0.000017s ]
INFO: [ app_init ] --END-- [ RunTime:0.001348s ]
ERR: 无法加载模块:Public2018-10-24

[ 2018-10-26T09:24:43+08:00 ] ::1 /yuekao/Public2018-10-24/5bcfc127d70c9.jpg
INFO: [ app_init ] --START--
INFO: Run Behavior\BuildLiteBehavior [ RunTime:0.000012s ]
INFO: [ app_init ] --END-- [ RunTime:0.000450s ]
ERR: 无法加载模块:Public2018-10-24

[ 2018-10-26T09:24:44+08:00 ] ::1 /yuekao/Public2018-10-24/5bcfc127d70c9.jpg
INFO: [ app_init ] --START--
INFO: Run Behavior\BuildLiteBehavior [ RunTime:0.000022s ]
INFO: [ app_init ] --END-- [ RunTime:0.000588s ]
ERR: 无法加载模块:Public2018-10-24

[ 2018-10-26T09:24:44+08:00 ] ::1 /yuekao/Public2018-10-25/5bd1142ab5faf.jpg
INFO: [ app_init ] --START--
INFO: Run Behavior\BuildLiteBehavior [ RunTime:0.000017s ]
INFO: [ app_init ] --END-- [ RunTime:0.000461s ]
ERR: 无法加载模块:Public2018-10-25

[ 2018-10-26T09:24:44+08:00 ] ::1 /yuekao/Public2018-10-24/5bcfc1b6bb54f.jpg
INFO: [ app_init ] --START--
INFO: Run Behavior\BuildLiteBehavior [ RunTime:0.000026s ]
INFO: [ app_init ] --END-- [ RunTime:0.000592s ]
ERR: 无法加载模块:Public2018-10-24

[ 2018-10-26T09:24:45+08:00 ] ::1 /yuekao/Public2018-10-26/5bd267dd2dcf8.jpg
INFO: [ app_init ] --START--
INFO: Run Behavior\BuildLiteBehavior [ RunTime:0.000021s ]
INFO: [ app_init ] --END-- [ RunTime:0.000673s ]
ERR: 无法加载模块:Public2018-10-26

[ 2018-10-26T09:24:45+08:00 ] ::1 /yuekao/Public2018-10-26/5bd267ddeea6a.jpg
INFO: [ app_init ] --START--
INFO: Run Behavior\BuildLiteBehavior [ RunTime:0.000017s ]
INFO: [ app_init ] --END-- [ RunTime:0.000446s ]
ERR: 无法加载模块:Public2018-10-26

[ 2018-10-26T09:24:45+08:00 ] ::1 /yuekao/Public2018-10-26/5bd267de5a68b.jpg
INFO: [ app_init ] --START--
INFO: Run Behavior\BuildLiteBehavior [ RunTime:0.000013s ]
INFO: [ app_init ] --END-- [ RunTime:0.000436s ]
ERR: 无法加载模块:Public2018-10-26

[ 2018-10-26T09:24:45+08:00 ] ::1 /yuekao/Public2018-10-26/5bd26c46c2523.jpg
INFO: [ app_init ] --START--
INFO: Run Behavior\BuildLiteBehavior [ RunTime:0.000013s ]
INFO: [ app_init ] --END-- [ RunTime:0.000435s ]
ERR: 无法加载模块:Public2018-10-26

[ 2018-10-26T09:24:45+08:00 ] ::1 /yuekao/Public2018-10-26/5bd26c95f2c46.jpg
INFO: [ app_init ] --START--
INFO: Run Behavior\BuildLiteBehavior [ RunTime:0.000021s ]
INFO: [ app_init ] --END-- [ RunTime:0.000814s ]
ERR: 无法加载模块:Public2018-10-26

[ 2018-10-26T09:25:58+08:00 ] ::1 /yuekao/Public2018-10-26/5bd26c95f2c46.jpg
INFO: [ app_init ] --START--
INFO: Run Behavior\BuildLiteBehavior [ RunTime:0.000027s ]
INFO: [ app_init ] --END-- [ RunTime:0.001075s ]
ERR: 无法加载模块:Public2018-10-26

[ 2018-10-26T09:25:58+08:00 ] ::1 /yuekao/Public2018-10-26/5bd26c46c2523.jpg
INFO: [ app_init ] --START--
INFO: Run Behavior\BuildLiteBehavior [ RunTime:0.000038s ]
INFO: [ app_init ] --END-- [ RunTime:0.001100s ]
ERR: 无法加载模块:Public2018-10-26

[ 2018-10-26T09:26:15+08:00 ] ::1 /yuekao/Public2018-10-26/5bd26c46c2523.jpg
INFO: [ app_init ] --START--
INFO: Run Behavior\BuildLiteBehavior [ RunTime:0.000020s ]
INFO: [ app_init ] --END-- [ RunTime:0.000778s ]
ERR: 无法加载模块:Public2018-10-26

[ 2018-10-26T09:26:15+08:00 ] ::1 /yuekao/Public2018-10-26/5bd26c95f2c46.jpg
INFO: [ app_init ] --START--
INFO: Run Behavior\BuildLiteBehavior [ RunTime:0.000020s ]
INFO: [ app_init ] --END-- [ RunTime:0.000655s ]
ERR: 无法加载模块:Public2018-10-26

[ 2018-10-26T09:26:18+08:00 ] ::1 /yuekao/Public2018-10-24/5bcfc127d70c9.jpg
INFO: [ app_init ] --START--
INFO: Run Behavior\BuildLiteBehavior [ RunTime:0.000050s ]
INFO: [ app_init ] --END-- [ RunTime:0.001032s ]
ERR: 无法加载模块:Public2018-10-24

[ 2018-10-26T09:26:20+08:00 ] ::1 /yuekao/Public2018-10-24/5bcfc127d70c9.jpg
INFO: [ app_init ] --START--
INFO: Run Behavior\BuildLiteBehavior [ RunTime:0.000017s ]
INFO: [ app_init ] --END-- [ RunTime:0.000680s ]
ERR: 无法加载模块:Public2018-10-24

[ 2018-10-26T09:26:21+08:00 ] ::1 /yuekao/Public2018-10-24/5bcfc127d70c9.jpg
INFO: [ app_init ] --START--
INFO: Run Behavior\BuildLiteBehavior [ RunTime:0.000013s ]
INFO: [ app_init ] --END-- [ RunTime:0.000411s ]
ERR: 无法加载模块:Public2018-10-24

[ 2018-10-26T09:26:39+08:00 ] ::1 /yuekao/Public2018-10-24/5bcfc127d70c9.jpg
INFO: [ app_init ] --START--
INFO: Run Behavior\BuildLiteBehavior [ RunTime:0.000018s ]
INFO: [ app_init ] --END-- [ RunTime:0.000598s ]
ERR: 无法加载模块:Public2018-10-24

[ 2018-10-26T09:26:41+08:00 ] ::1 /yuekao/Public2018-10-24/5bcfc127d70c9.jpg
INFO: [ app_init ] --START--
INFO: Run Behavior\BuildLiteBehavior [ RunTime:0.000022s ]
INFO: [ app_init ] --END-- [ RunTime:0.000764s ]
ERR: 无法加载模块:Public2018-10-24

[ 2018-10-26T09:26:41+08:00 ] ::1 /yuekao/Public2018-10-24/5bcfc1b6bb54f.jpg
INFO: [ app_init ] --START--
INFO: Run Behavior\BuildLiteBehavior [ RunTime:0.000059s ]
INFO: [ app_init ] --END-- [ RunTime:0.000857s ]
ERR: 无法加载模块:Public2018-10-24

[ 2018-10-26T09:26:41+08:00 ] ::1 /yuekao/Public2018-10-25/5bd1142ab5faf.jpg
INFO: [ app_init ] --START--
INFO: Run Behavior\BuildLiteBehavior [ RunTime:0.000015s ]
INFO: [ app_init ] --END-- [ RunTime:0.000473s ]
ERR: 无法加载模块:Public2018-10-25

[ 2018-10-26T09:26:42+08:00 ] ::1 /yuekao/Public2018-10-26/5bd267ddeea6a.jpg
INFO: [ app_init ] --START--
INFO: Run Behavior\BuildLiteBehavior [ RunTime:0.000028s ]
INFO: [ app_init ] --END-- [ RunTime:0.004444s ]
ERR: 无法加载模块:Public2018-10-26

[ 2018-10-26T09:26:42+08:00 ] ::1 /yuekao/Public2018-10-26/5bd267dd2dcf8.jpg
INFO: [ app_init ] --START--
INFO: Run Behavior\BuildLiteBehavior [ RunTime:0.000025s ]
INFO: [ app_init ] --END-- [ RunTime:0.005499s ]
ERR: 无法加载模块:Public2018-10-26

[ 2018-10-26T09:26:42+08:00 ] ::1 /yuekao/Public2018-10-26/5bd267de5a68b.jpg
INFO: [ app_init ] --START--
INFO: Run Behavior\BuildLiteBehavior [ RunTime:0.000028s ]
INFO: [ app_init ] --END-- [ RunTime:0.000992s ]
ERR: 无法加载模块:Public2018-10-26

[ 2018-10-26T09:26:42+08:00 ] ::1 /yuekao/Public2018-10-26/5bd26cba8ec17.jpg
INFO: [ app_init ] --START--
INFO: Run Behavior\BuildLiteBehavior [ RunTime:0.000022s ]
INFO: [ app_init ] --END-- [ RunTime:0.000630s ]
ERR: 无法加载模块:Public2018-10-26

[ 2018-10-26T09:26:43+08:00 ] ::1 /yuekao/Public2018-10-26/5bd26c95f2c46.jpg
INFO: [ app_init ] --START--
INFO: Run Behavior\BuildLiteBehavior [ RunTime:0.000028s ]
INFO: [ app_init ] --END-- [ RunTime:0.000831s ]
ERR: 无法加载模块:Public2018-10-26

[ 2018-10-26T09:26:43+08:00 ] ::1 /yuekao/Public2018-10-26/5bd26c46c2523.jpg
INFO: [ app_init ] --START--
INFO: Run Behavior\BuildLiteBehavior [ RunTime:0.000014s ]
INFO: [ app_init ] --END-- [ RunTime:0.000444s ]
ERR: 无法加载模块:Public2018-10-26

[ 2018-10-26T09:26:47+08:00 ] ::1 /yuekao/Public2018-10-26/5bd26cba8ec17.jpg
INFO: [ app_init ] --START--
INFO: Run Behavior\BuildLiteBehavior [ RunTime:0.000014s ]
INFO: [ app_init ] --END-- [ RunTime:0.000431s ]
ERR: 无法加载模块:Public2018-10-26

[ 2018-10-26T09:26:49+08:00 ] ::1 /yuekao/Public2018-10-24/5bcfc127d70c9.jpg
INFO: [ app_init ] --START--
INFO: Run Behavior\BuildLiteBehavior [ RunTime:0.000017s ]
INFO: [ app_init ] --END-- [ RunTime:0.000546s ]
ERR: 无法加载模块:Public2018-10-24

[ 2018-10-26T09:27:42+08:00 ] ::1 /yuekao/Public2018-10-24/5bcfc127d70c9.jpg
INFO: [ app_init ] --START--
INFO: Run Behavior\BuildLiteBehavior [ RunTime:0.000015s ]
INFO: [ app_init ] --END-- [ RunTime:0.000490s ]
ERR: 无法加载模块:Public2018-10-24

[ 2018-10-26T09:27:44+08:00 ] ::1 /yuekao/Public2018-10-24/5bcfc1b6bb54f.jpg
INFO: [ app_init ] --START--
INFO: Run Behavior\BuildLiteBehavior [ RunTime:0.000020s ]
INFO: [ app_init ] --END-- [ RunTime:0.000719s ]
ERR: 无法加载模块:Public2018-10-24

[ 2018-10-26T09:27:44+08:00 ] ::1 /yuekao/Public2018-10-25/5bd1142ab5faf.jpg
INFO: [ app_init ] --START--
INFO: Run Behavior\BuildLiteBehavior [ RunTime:0.000024s ]
INFO: [ app_init ] --END-- [ RunTime:0.000799s ]
ERR: 无法加载模块:Public2018-10-25

[ 2018-10-26T09:27:44+08:00 ] ::1 /yuekao/Public2018-10-24/5bcfc127d70c9.jpg
INFO: [ app_init ] --START--
INFO: Run Behavior\BuildLiteBehavior [ RunTime:0.000031s ]
INFO: [ app_init ] --END-- [ RunTime:0.000873s ]
ERR: 无法加载模块:Public2018-10-24

[ 2018-10-26T09:27:45+08:00 ] ::1 /yuekao/Public2018-10-26/5bd267de5a68b.jpg
INFO: [ app_init ] --START--
INFO: Run Behavior\BuildLiteBehavior [ RunTime:0.000023s ]
INFO: [ app_init ] --END-- [ RunTime:0.001256s ]
ERR: 无法加载模块:Public2018-10-26

[ 2018-10-26T09:27:45+08:00 ] ::1 /yuekao/Public2018-10-26/5bd267dd2dcf8.jpg
INFO: [ app_init ] --START--
INFO: Run Behavior\BuildLiteBehavior [ RunTime:0.000026s ]
INFO: [ app_init ] --END-- [ RunTime:0.001054s ]
ERR: 无法加载模块:Public2018-10-26

[ 2018-10-26T09:27:45+08:00 ] ::1 /yuekao/Public2018-10-26/5bd267ddeea6a.jpg
INFO: [ app_init ] --START--
INFO: Run Behavior\BuildLiteBehavior [ RunTime:0.000029s ]
INFO: [ app_init ] --END-- [ RunTime:0.001352s ]
ERR: 无法加载模块:Public2018-10-26

[ 2018-10-26T09:27:45+08:00 ] ::1 /yuekao/Public2018-10-26/5bd26bad7b217.jpg
INFO: [ app_init ] --START--
INFO: Run Behavior\BuildLiteBehavior [ RunTime:0.000013s ]
INFO: [ app_init ] --END-- [ RunTime:0.000479s ]
ERR: 无法加载模块:Public2018-10-26

[ 2018-10-26T09:27:45+08:00 ] ::1 /yuekao/Public2018-10-26/5bd26c0722425.jpg
INFO: [ app_init ] --START--
INFO: Run Behavior\BuildLiteBehavior [ RunTime:0.000019s ]
INFO: [ app_init ] --END-- [ RunTime:0.000649s ]
ERR: 无法加载模块:Public2018-10-26

[ 2018-10-26T09:27:45+08:00 ] ::1 /yuekao/Public2018-10-26/5bd26bcded780.jpg
INFO: [ app_init ] --START--
INFO: Run Behavior\BuildLiteBehavior [ RunTime:0.000021s ]
INFO: [ app_init ] --END-- [ RunTime:0.000930s ]
ERR: 无法加载模块:Public2018-10-26

[ 2018-10-26T09:27:45+08:00 ] ::1 /yuekao/Public2018-10-26/5bd26c1340a96.jpg
INFO: [ app_init ] --START--
INFO: Run Behavior\BuildLiteBehavior [ RunTime:0.000025s ]
INFO: [ app_init ] --END-- [ RunTime:0.000782s ]
ERR: 无法加载模块:Public2018-10-26

[ 2018-10-26T09:27:45+08:00 ] ::1 /yuekao/Public2018-10-26/5bd26c3224f0f.jpg
INFO: [ app_init ] --START--
INFO: Run Behavior\BuildLiteBehavior [ RunTime:0.000042s ]
INFO: [ app_init ] --END-- [ RunTime:0.001336s ]
ERR: 无法加载模块:Public2018-10-26

[ 2018-10-26T09:27:45+08:00 ] ::1 /yuekao/Public2018-10-26/5bd26be345dd2.jpg
INFO: [ app_init ] --START--
INFO: Run Behavior\BuildLiteBehavior [ RunTime:0.000013s ]
INFO: [ app_init ] --END-- [ RunTime:0.000498s ]
ERR: 无法加载模块:Public2018-10-26

[ 2018-10-26T09:27:45+08:00 ] ::1 /yuekao/Public2018-10-26/5bd26c95f2c46.jpg
INFO: [ app_init ] --START--
INFO: Run Behavior\BuildLiteBehavior [ RunTime:0.000023s ]
INFO: [ app_init ] --END-- [ RunTime:0.000721s ]
ERR: 无法加载模块:Public2018-10-26

[ 2018-10-26T09:27:45+08:00 ] ::1 /yuekao/Public2018-10-26/5bd26cba8ec17.jpg
INFO: [ app_init ] --START--
INFO: Run Behavior\BuildLiteBehavior [ RunTime:0.000028s ]
INFO: [ app_init ] --END-- [ RunTime:0.000895s ]
ERR: 无法加载模块:Public2018-10-26

[ 2018-10-26T09:27:45+08:00 ] ::1 /yuekao/Public2018-10-26/5bd26c46c2523.jpg
INFO: [ app_init ] --START--
INFO: Run Behavior\BuildLiteBehavior [ RunTime:0.000024s ]
INFO: [ app_init ] --END-- [ RunTime:0.002163s ]
ERR: 无法加载模块:Public2018-10-26

[ 2018-10-26T09:31:17+08:00 ] ::1 /yuekao/Public/2018-10-24/5bcfc127d70c9.jpg
INFO: [ app_init ] --START--
INFO: Run Behavior\BuildLiteBehavior [ RunTime:0.000028s ]
INFO: [ app_init ] --END-- [ RunTime:0.002864s ]
ERR: 无法加载模块:Public

[ 2018-10-26T09:31:22+08:00 ] ::1 /yuekao/Public/2018-10-24/5bcfc1b6bb54f.jpg
INFO: [ app_init ] --START--
INFO: Run Behavior\BuildLiteBehavior [ RunTime:0.000026s ]
INFO: [ app_init ] --END-- [ RunTime:0.000781s ]
ERR: 无法加载模块:Public

[ 2018-10-26T09:31:22+08:00 ] ::1 /yuekao/Public/2018-10-24/5bcfc127d70c9.jpg
INFO: [ app_init ] --START--
INFO: Run Behavior\BuildLiteBehavior [ RunTime:0.000021s ]
INFO: [ app_init ] --END-- [ RunTime:0.000786s ]
ERR: 无法加载模块:Public

[ 2018-10-26T09:31:22+08:00 ] ::1 /yuekao/Public/2018-10-25/5bd1142ab5faf.jpg
INFO: [ app_init ] --START--
INFO: Run Behavior\BuildLiteBehavior [ RunTime:0.000027s ]
INFO: [ app_init ] --END-- [ RunTime:0.001094s ]
ERR: 无法加载模块:Public

[ 2018-10-26T09:31:27+08:00 ] ::1 /yuekao/Public/2018-10-24/5bcfc127d70c9.jpg
INFO: [ app_init ] --START--
INFO: Run Behavior\BuildLiteBehavior [ RunTime:0.000022s ]
INFO: [ app_init ] --END-- [ RunTime:0.000758s ]
ERR: 无法加载模块:Public

[ 2018-10-26T09:31:27+08:00 ] ::1 /yuekao/Public/2018-10-24/5bcfc1b6bb54f.jpg
INFO: [ app_init ] --START--
INFO: Run Behavior\BuildLiteBehavior [ RunTime:0.000026s ]
INFO: [ app_init ] --END-- [ RunTime:0.000851s ]
ERR: 无法加载模块:Public

[ 2018-10-26T09:31:27+08:00 ] ::1 /yuekao/Public/2018-10-25/5bd1142ab5faf.jpg
INFO: [ app_init ] --START--
INFO: Run Behavior\BuildLiteBehavior [ RunTime:0.000024s ]
INFO: [ app_init ] --END-- [ RunTime:0.000700s ]
ERR: 无法加载模块:Public

